<?xml version="1.0" encoding="UTF-8"?>
<testsuite name="IntroLabTest" tests="1" skipped="0" failures="0" errors="0" timestamp="2022-09-12T17:45:18" hostname="DESKTOP-RABMDJV" time="0.014">
  <properties/>
  <testcase name="nasiraye" classname="IntroLabTest" time="0.014"/>
  <system-out><![CDATA[]]></system-out>
  <system-err><![CDATA[]]></system-err>
</testsuite>
